# Diagnostic command 1:
# Generated by Docker Engine.
# This file can be edited; Docker Engine will not make further changes once it
# has been modified.

ameserver 8.8.8.8

# Based on host file: '/etc/resolv.conf' (legacy)
# Overrides: [nameservers]
sh: 1: nslookup: not found

# Diagnostic command 2:
curl: (6) Could not resolve host: repo.maven.apache.org

# Diagnostic command 3:
9.9.8.100196

# Diagnostic command 4:
[INFO] Scanning for projects...
[INFO] Downloading from central: https://repo.maven.apache.org/maven2/org/apache/maven/plugins/maven-dependency-plugin/3.1.2/maven-dependency-plugin-3.1.2.pom
[INFO] ------------------------------------------------------------------------
[INFO] BUILD FAILURE
[INFO] ------------------------------------------------------------------------
[INFO] Total time:  11.029 s
[INFO] Finished at: 2025-10-23T09:15:22Z
[INFO] ------------------------------------------------------------------------
[ERROR] Plugin org.apache.maven.plugins:maven-dependency-plugin:3.1.2 or one of its dependencies could not be resolved: Failed to read artifact descriptor for org.apache.maven.plugins:maven-dependency-plugin:jar:3.1.2: Could not transfer artifact org.apache.maven.plugins:maven-dependency-plugin:pom:3.1.2 from/to central (https://repo.maven.apache.org/maven2): transfer failed for https://repo.maven.apache.org/maven2/org/apache/maven/plugins/maven-dependency-plugin/3.1.2/maven-dependency-plugin-3.1.2.pom: Unknown host repo.maven.apache.org: Temporary failure in name resolution -> [Help 1]
[ERROR] 
[ERROR] To see the full stack trace of the errors, re-run Maven with the -e switch.
[ERROR] Re-run Maven using the -X switch to enable full debug logging.
[ERROR] 
[ERROR] For more information about the errors and possible solutions, please read the following articles:
[ERROR] [Help 1] http://cwiki.apache.org/confluence/display/MAVEN/PluginResolutionException